This is pdfTeX, Version 3.1415926-2.4-1.40.13 (TeX Live 2012) (format=pdflatex 2012.6.30)  14 JAN 2013 14:55
entering extended mode
 restricted \write18 enabled.
 %&-line parsing enabled.
**rocplots.tex
(./rocplots.tex
LaTeX2e <2011/06/27>
Babel <v3.8m> and hyphenation patterns for english, dumylang, nohyphenation, ge
rman-x-2012-05-30, ngerman-x-2012-05-30, afrikaans, ancientgreek, ibycus, arabi
c, armenian, basque, bulgarian, catalan, pinyin, coptic, croatian, czech, danis
h, dutch, ukenglish, usenglishmax, esperanto, estonian, ethiopic, farsi, finnis
h, french, friulan, galician, german, ngerman, swissgerman, monogreek, greek, h
ungarian, icelandic, assamese, bengali, gujarati, hindi, kannada, malayalam, ma
rathi, oriya, panjabi, tamil, telugu, indonesian, interlingua, irish, italian, 
kurmanji, latin, latvian, lithuanian, mongolian, mongolianlmc, bokmal, nynorsk,
 polish, portuguese, romanian, romansh, russian, sanskrit, serbian, serbianc, s
lovak, slovenian, spanish, swedish, turkish, turkmen, ukrainian, uppersorbian, 
welsh, loaded.
(/usr/local/texlive/2012/texmf-dist/tex/latex/base/article.cls
Document Class: article 2007/10/19 v1.4h Standard LaTeX document class
(/usr/local/texlive/2012/texmf-dist/tex/latex/base/size12.clo
File: size12.clo 2007/10/19 v1.4h Standard LaTeX file (size option)
)
\c@part=\count79
\c@section=\count80
\c@subsection=\count81
\c@subsubsection=\count82
\c@paragraph=\count83
\c@subparagraph=\count84
\c@figure=\count85
\c@table=\count86
\abovecaptionskip=\skip41
\belowcaptionskip=\skip42
\bibindent=\dimen102
)
(/usr/local/texlive/2012/texmf-dist/tex/latex/graphics/graphicx.sty
Package: graphicx 1999/02/16 v1.0f Enhanced LaTeX Graphics (DPC,SPQR)

(/usr/local/texlive/2012/texmf-dist/tex/latex/graphics/keyval.sty
Package: keyval 1999/03/16 v1.13 key=value parser (DPC)
\KV@toks@=\toks14
)
(/usr/local/texlive/2012/texmf-dist/tex/latex/graphics/graphics.sty
Package: graphics 2009/02/05 v1.0o Standard LaTeX Graphics (DPC,SPQR)

(/usr/local/texlive/2012/texmf-dist/tex/latex/graphics/trig.sty
Package: trig 1999/03/16 v1.09 sin cos tan (DPC)
)
(/usr/local/texlive/2012/texmf-dist/tex/latex/latexconfig/graphics.cfg
File: graphics.cfg 2010/04/23 v1.9 graphics configuration of TeX Live
)
Package graphics Info: Driver file: pdftex.def on input line 91.

(/usr/local/texlive/2012/texmf-dist/tex/latex/pdftex-def/pdftex.def
File: pdftex.def 2011/05/27 v0.06d Graphics/color for pdfTeX

(/usr/local/texlive/2012/texmf-dist/tex/generic/oberdiek/infwarerr.sty
Package: infwarerr 2010/04/08 v1.3 Providing info/warning/error messages (HO)
)
(/usr/local/texlive/2012/texmf-dist/tex/generic/oberdiek/ltxcmds.sty
Package: ltxcmds 2011/11/09 v1.22 LaTeX kernel commands for general use (HO)
)
\Gread@gobject=\count87
))
\Gin@req@height=\dimen103
\Gin@req@width=\dimen104
)
(/usr/local/texlive/2012/texmf-dist/tex/latex/graphics/color.sty
Package: color 2005/11/14 v1.0j Standard LaTeX Color (DPC)

(/usr/local/texlive/2012/texmf-dist/tex/latex/latexconfig/color.cfg
File: color.cfg 2007/01/18 v1.5 color configuration of teTeX/TeXLive
)
Package color Info: Driver file: pdftex.def on input line 130.
)
(/Library/Frameworks/R.framework/Resources/share/texmf/tex/latex/upquote.sty
Package: upquote 2003/08/11 v1.1 Covington's upright-quote modification to verb
atim and verb

(/usr/local/texlive/2012/texmf-dist/tex/latex/base/textcomp.sty
Package: textcomp 2005/09/27 v1.99g Standard LaTeX package
Package textcomp Info: Sub-encoding information:
(textcomp)               5 = only ISO-Adobe without \textcurrency
(textcomp)               4 = 5 + \texteuro
(textcomp)               3 = 4 + \textohm
(textcomp)               2 = 3 + \textestimated + \textcurrency
(textcomp)               1 = TS1 - \textcircled - \t
(textcomp)               0 = TS1 (full)
(textcomp)             Font families with sub-encoding setting implement
(textcomp)             only a restricted character set as indicated.
(textcomp)             Family '?' is the default used for unknown fonts.
(textcomp)             See the documentation for details.
Package textcomp Info: Setting ? sub-encoding to TS1/1 on input line 71.

(/usr/local/texlive/2012/texmf-dist/tex/latex/base/ts1enc.def
File: ts1enc.def 2001/06/05 v3.0e (jk/car/fm) Standard LaTeX file
)
LaTeX Info: Redefining \oldstylenums on input line 266.
Package textcomp Info: Setting cmr sub-encoding to TS1/0 on input line 281.
Package textcomp Info: Setting cmss sub-encoding to TS1/0 on input line 282.
Package textcomp Info: Setting cmtt sub-encoding to TS1/0 on input line 283.
Package textcomp Info: Setting cmvtt sub-encoding to TS1/0 on input line 284.
Package textcomp Info: Setting cmbr sub-encoding to TS1/0 on input line 285.
Package textcomp Info: Setting cmtl sub-encoding to TS1/0 on input line 286.
Package textcomp Info: Setting ccr sub-encoding to TS1/0 on input line 287.
Package textcomp Info: Setting ptm sub-encoding to TS1/4 on input line 288.
Package textcomp Info: Setting pcr sub-encoding to TS1/4 on input line 289.
Package textcomp Info: Setting phv sub-encoding to TS1/4 on input line 290.
Package textcomp Info: Setting ppl sub-encoding to TS1/3 on input line 291.
Package textcomp Info: Setting pag sub-encoding to TS1/4 on input line 292.
Package textcomp Info: Setting pbk sub-encoding to TS1/4 on input line 293.
Package textcomp Info: Setting pnc sub-encoding to TS1/4 on input line 294.
Package textcomp Info: Setting pzc sub-encoding to TS1/4 on input line 295.
Package textcomp Info: Setting bch sub-encoding to TS1/4 on input line 296.
Package textcomp Info: Setting put sub-encoding to TS1/5 on input line 297.
Package textcomp Info: Setting uag sub-encoding to TS1/5 on input line 298.
Package textcomp Info: Setting ugq sub-encoding to TS1/5 on input line 299.
Package textcomp Info: Setting ul8 sub-encoding to TS1/4 on input line 300.
Package textcomp Info: Setting ul9 sub-encoding to TS1/4 on input line 301.
Package textcomp Info: Setting augie sub-encoding to TS1/5 on input line 302.
Package textcomp Info: Setting dayrom sub-encoding to TS1/3 on input line 303.
Package textcomp Info: Setting dayroms sub-encoding to TS1/3 on input line 304.

Package textcomp Info: Setting pxr sub-encoding to TS1/0 on input line 305.
Package textcomp Info: Setting pxss sub-encoding to TS1/0 on input line 306.
Package textcomp Info: Setting pxtt sub-encoding to TS1/0 on input line 307.
Package textcomp Info: Setting txr sub-encoding to TS1/0 on input line 308.
Package textcomp Info: Setting txss sub-encoding to TS1/0 on input line 309.
Package textcomp Info: Setting txtt sub-encoding to TS1/0 on input line 310.
Package textcomp Info: Setting lmr sub-encoding to TS1/0 on input line 311.
Package textcomp Info: Setting lmdh sub-encoding to TS1/0 on input line 312.
Package textcomp Info: Setting lmss sub-encoding to TS1/0 on input line 313.
Package textcomp Info: Setting lmssq sub-encoding to TS1/0 on input line 314.
Package textcomp Info: Setting lmvtt sub-encoding to TS1/0 on input line 315.
Package textcomp Info: Setting qhv sub-encoding to TS1/0 on input line 316.
Package textcomp Info: Setting qag sub-encoding to TS1/0 on input line 317.
Package textcomp Info: Setting qbk sub-encoding to TS1/0 on input line 318.
Package textcomp Info: Setting qcr sub-encoding to TS1/0 on input line 319.
Package textcomp Info: Setting qcs sub-encoding to TS1/0 on input line 320.
Package textcomp Info: Setting qpl sub-encoding to TS1/0 on input line 321.
Package textcomp Info: Setting qtm sub-encoding to TS1/0 on input line 322.
Package textcomp Info: Setting qzc sub-encoding to TS1/0 on input line 323.
Package textcomp Info: Setting qhvc sub-encoding to TS1/0 on input line 324.
Package textcomp Info: Setting futs sub-encoding to TS1/4 on input line 325.
Package textcomp Info: Setting futx sub-encoding to TS1/4 on input line 326.
Package textcomp Info: Setting futj sub-encoding to TS1/4 on input line 327.
Package textcomp Info: Setting hlh sub-encoding to TS1/3 on input line 328.
Package textcomp Info: Setting hls sub-encoding to TS1/3 on input line 329.
Package textcomp Info: Setting hlst sub-encoding to TS1/3 on input line 330.
Package textcomp Info: Setting hlct sub-encoding to TS1/5 on input line 331.
Package textcomp Info: Setting hlx sub-encoding to TS1/5 on input line 332.
Package textcomp Info: Setting hlce sub-encoding to TS1/5 on input line 333.
Package textcomp Info: Setting hlcn sub-encoding to TS1/5 on input line 334.
Package textcomp Info: Setting hlcw sub-encoding to TS1/5 on input line 335.
Package textcomp Info: Setting hlcf sub-encoding to TS1/5 on input line 336.
Package textcomp Info: Setting pplx sub-encoding to TS1/3 on input line 337.
Package textcomp Info: Setting pplj sub-encoding to TS1/3 on input line 338.
Package textcomp Info: Setting ptmx sub-encoding to TS1/4 on input line 339.
Package textcomp Info: Setting ptmj sub-encoding to TS1/4 on input line 340.
))
(/usr/local/texlive/2012/texmf-dist/tex/latex/framed/framed.sty
Package: framed 2011/10/22 v 0.96: framed or shaded text with page breaks
\OuterFrameSep=\skip43
\fb@frw=\dimen105
\fb@frh=\dimen106
\FrameRule=\dimen107
\FrameSep=\dimen108
)
(/usr/local/texlive/2012/texmf-dist/tex/latex/base/alltt.sty
Package: alltt 1997/06/16 v2.0g defines alltt environment
)
(/usr/local/texlive/2012/texmf-dist/tex/latex/amsmath/amsmath.sty
Package: amsmath 2000/07/18 v2.13 AMS math features
\@mathmargin=\skip44

For additional information on amsmath, use the `?' option.
(/usr/local/texlive/2012/texmf-dist/tex/latex/amsmath/amstext.sty
Package: amstext 2000/06/29 v2.01

(/usr/local/texlive/2012/texmf-dist/tex/latex/amsmath/amsgen.sty
File: amsgen.sty 1999/11/30 v2.0
\@emptytoks=\toks15
\ex@=\dimen109
))
(/usr/local/texlive/2012/texmf-dist/tex/latex/amsmath/amsbsy.sty
Package: amsbsy 1999/11/29 v1.2d
\pmbraise@=\dimen110
)
(/usr/local/texlive/2012/texmf-dist/tex/latex/amsmath/amsopn.sty
Package: amsopn 1999/12/14 v2.01 operator names
)
\inf@bad=\count88
LaTeX Info: Redefining \frac on input line 211.
\uproot@=\count89
\leftroot@=\count90
LaTeX Info: Redefining \overline on input line 307.
\classnum@=\count91
\DOTSCASE@=\count92
LaTeX Info: Redefining \ldots on input line 379.
LaTeX Info: Redefining \dots on input line 382.
LaTeX Info: Redefining \cdots on input line 467.
\Mathstrutbox@=\box26
\strutbox@=\box27
\big@size=\dimen111
LaTeX Font Info:    Redeclaring font encoding OML on input line 567.
LaTeX Font Info:    Redeclaring font encoding OMS on input line 568.
\macc@depth=\count93
\c@MaxMatrixCols=\count94
\dotsspace@=\muskip10
\c@parentequation=\count95
\dspbrk@lvl=\count96
\tag@help=\toks16
\row@=\count97
\column@=\count98
\maxfields@=\count99
\andhelp@=\toks17
\eqnshift@=\dimen112
\alignsep@=\dimen113
\tagshift@=\dimen114
\tagwidth@=\dimen115
\totwidth@=\dimen116
\lineht@=\dimen117
\@envbody=\toks18
\multlinegap=\skip45
\multlinetaggap=\skip46
\mathdisplay@stack=\toks19
LaTeX Info: Redefining \[ on input line 2666.
LaTeX Info: Redefining \] on input line 2667.
)
(/usr/local/texlive/2012/texmf-dist/tex/latex/amsfonts/amsfonts.sty
Package: amsfonts 2009/06/22 v3.00 Basic AMSFonts support
\symAMSa=\mathgroup4
\symAMSb=\mathgroup5
LaTeX Font Info:    Overwriting math alphabet `\mathfrak' in version `bold'
(Font)                  U/euf/m/n --> U/euf/b/n on input line 96.
)
(/usr/local/texlive/2012/texmf-dist/tex/latex/amsfonts/amssymb.sty
Package: amssymb 2009/06/22 v3.00
)
(/usr/local/texlive/2012/texmf-dist/tex/latex/tools/verbatim.sty
Package: verbatim 2003/08/22 v1.5q LaTeX2e package for verbatim enhancements
\every@verbatim=\toks20
\verbatim@line=\toks21
\verbatim@in@stream=\read1
)
(/usr/local/texlive/2012/texmf-dist/tex/latex/float/float.sty
Package: float 2001/11/08 v1.3d Float enhancements (AL)
\c@float@type=\count100
\float@exts=\toks22
\float@box=\box28
\@float@everytoks=\toks23
\@floatcapt=\box29
)
(/usr/local/texlive/2012/texmf-dist/tex/latex/hyperref/hyperref.sty
Package: hyperref 2012/05/13 v6.82q Hypertext links for LaTeX

(/usr/local/texlive/2012/texmf-dist/tex/generic/oberdiek/hobsub-hyperref.sty
Package: hobsub-hyperref 2012/05/28 v1.13 Bundle oberdiek, subset hyperref (HO)


(/usr/local/texlive/2012/texmf-dist/tex/generic/oberdiek/hobsub-generic.sty
Package: hobsub-generic 2012/05/28 v1.13 Bundle oberdiek, subset generic (HO)
Package: hobsub 2012/05/28 v1.13 Construct package bundles (HO)
Package hobsub Info: Skipping package `infwarerr' (already loaded).
Package hobsub Info: Skipping package `ltxcmds' (already loaded).
Package: ifluatex 2010/03/01 v1.3 Provides the ifluatex switch (HO)
Package ifluatex Info: LuaTeX not detected.
Package: ifvtex 2010/03/01 v1.5 Detect VTeX and its facilities (HO)
Package ifvtex Info: VTeX not detected.
Package: intcalc 2007/09/27 v1.1 Expandable calculations with integers (HO)
Package: ifpdf 2011/01/30 v2.3 Provides the ifpdf switch (HO)
Package ifpdf Info: pdfTeX in PDF mode is detected.
Package: etexcmds 2011/02/16 v1.5 Avoid name clashes with e-TeX commands (HO)
Package etexcmds Info: Could not find \expanded.
(etexcmds)             That can mean that you are not using pdfTeX 1.50 or
(etexcmds)             that some package has redefined \expanded.
(etexcmds)             In the latter case, load this package earlier.
Package: kvsetkeys 2012/04/25 v1.16 Key value parser (HO)
Package: kvdefinekeys 2011/04/07 v1.3 Define keys (HO)
Package: pdftexcmds 2011/11/29 v0.20 Utility functions of pdfTeX for LuaTeX (HO
)
Package pdftexcmds Info: LuaTeX not detected.
Package pdftexcmds Info: \pdf@primitive is available.
Package pdftexcmds Info: \pdf@ifprimitive is available.
Package pdftexcmds Info: \pdfdraftmode found.
Package: pdfescape 2011/11/25 v1.13 Implements pdfTeX's escape features (HO)
Package: bigintcalc 2012/04/08 v1.3 Expandable calculations on big integers (HO
)
Package: bitset 2011/01/30 v1.1 Handle bit-vector datatype (HO)
Package: uniquecounter 2011/01/30 v1.2 Provide unlimited unique counter (HO)
)
Package hobsub Info: Skipping package `hobsub' (already loaded).
Package: letltxmacro 2010/09/02 v1.4 Let assignment for LaTeX macros (HO)
Package: hopatch 2012/05/28 v1.2 Wrapper for package hooks (HO)
Package: xcolor-patch 2011/01/30 xcolor patch
Package: atveryend 2011/06/30 v1.8 Hooks at the very end of document (HO)
Package atveryend Info: \enddocument detected (standard20110627).
Package: atbegshi 2011/10/05 v1.16 At begin shipout hook (HO)
Package: refcount 2011/10/16 v3.4 Data extraction from label references (HO)
Package: hycolor 2011/01/30 v1.7 Color options for hyperref/bookmark (HO)
)
(/usr/local/texlive/2012/texmf-dist/tex/generic/ifxetex/ifxetex.sty
Package: ifxetex 2010/09/12 v0.6 Provides ifxetex conditional
)
(/usr/local/texlive/2012/texmf-dist/tex/latex/oberdiek/kvoptions.sty
Package: kvoptions 2011/06/30 v3.11 Key value format for package options (HO)
)
\@linkdim=\dimen118
\Hy@linkcounter=\count101
\Hy@pagecounter=\count102

(/usr/local/texlive/2012/texmf-dist/tex/latex/hyperref/pd1enc.def
File: pd1enc.def 2012/05/13 v6.82q Hyperref: PDFDocEncoding definition (HO)
)
\Hy@SavedSpaceFactor=\count103

(/usr/local/texlive/2012/texmf-dist/tex/latex/latexconfig/hyperref.cfg
File: hyperref.cfg 2002/06/06 v1.2 hyperref configuration of TeXLive
)
Package hyperref Info: Hyper figures OFF on input line 4062.
Package hyperref Info: Link nesting OFF on input line 4067.
Package hyperref Info: Hyper index ON on input line 4070.
Package hyperref Info: Plain pages OFF on input line 4077.
Package hyperref Info: Backreferencing OFF on input line 4082.
Package hyperref Info: Implicit mode ON; LaTeX internals redefined.
Package hyperref Info: Bookmarks ON on input line 4300.
\c@Hy@tempcnt=\count104

(/usr/local/texlive/2012/texmf-dist/tex/latex/url/url.sty
\Urlmuskip=\muskip11
Package: url 2006/04/12  ver 3.3  Verb mode for urls, etc.
)
LaTeX Info: Redefining \url on input line 4653.
\Fld@menulength=\count105
\Field@Width=\dimen119
\Fld@charsize=\dimen120
Package hyperref Info: Hyper figures OFF on input line 5773.
Package hyperref Info: Link nesting OFF on input line 5778.
Package hyperref Info: Hyper index ON on input line 5781.
Package hyperref Info: backreferencing OFF on input line 5788.
Package hyperref Info: Link coloring OFF on input line 5793.
Package hyperref Info: Link coloring with OCG OFF on input line 5798.
Package hyperref Info: PDF/A mode OFF on input line 5803.
LaTeX Info: Redefining \ref on input line 5843.
LaTeX Info: Redefining \pageref on input line 5847.
\Hy@abspage=\count106
\c@Item=\count107
\c@Hfootnote=\count108
)

Package hyperref Message: Driver (autodetected): hpdftex.

(/usr/local/texlive/2012/texmf-dist/tex/latex/hyperref/hpdftex.def
File: hpdftex.def 2012/05/13 v6.82q Hyperref driver for pdfTeX
\Fld@listcount=\count109
\c@bookmark@seq@number=\count110

(/usr/local/texlive/2012/texmf-dist/tex/latex/oberdiek/rerunfilecheck.sty
Package: rerunfilecheck 2011/04/15 v1.7 Rerun checks for auxiliary files (HO)
Package uniquecounter Info: New unique counter `rerunfilecheck' on input line 2
82.
)
\Hy@SectionHShift=\skip47
)
(/usr/local/texlive/2012/texmf-dist/tex/latex/oberdiek/pdflscape.sty
Package: pdflscape 2008/08/11 v0.10 Display of landscape pages in PDF (HO)

(/usr/local/texlive/2012/texmf-dist/tex/latex/graphics/lscape.sty
Package: lscape 2000/10/22 v3.01 Landscape Pages (DPC)
)
Package pdflscape Info: Auto-detected driver: pdftex on input line 80.
)
(/usr/local/texlive/2012/texmf-dist/tex/latex/geometry/geometry.sty
Package: geometry 2010/09/12 v5.6 Page Geometry
\Gm@cnth=\count111
\Gm@cntv=\count112
\c@Gm@tempcnt=\count113
\Gm@bindingoffset=\dimen121
\Gm@wd@mp=\dimen122
\Gm@odd@mp=\dimen123
\Gm@even@mp=\dimen124
\Gm@layoutwidth=\dimen125
\Gm@layoutheight=\dimen126
\Gm@layouthoffset=\dimen127
\Gm@layoutvoffset=\dimen128
\Gm@dimlist=\toks24
)
(./rocplots.aux)
\openout1 = `rocplots.aux'.

LaTeX Font Info:    Checking defaults for OML/cmm/m/it on input line 91.
LaTeX Font Info:    ... okay on input line 91.
LaTeX Font Info:    Checking defaults for T1/cmr/m/n on input line 91.
LaTeX Font Info:    ... okay on input line 91.
LaTeX Font Info:    Checking defaults for OT1/cmr/m/n on input line 91.
LaTeX Font Info:    ... okay on input line 91.
LaTeX Font Info:    Checking defaults for OMS/cmsy/m/n on input line 91.
LaTeX Font Info:    ... okay on input line 91.
LaTeX Font Info:    Checking defaults for OMX/cmex/m/n on input line 91.
LaTeX Font Info:    ... okay on input line 91.
LaTeX Font Info:    Checking defaults for U/cmr/m/n on input line 91.
LaTeX Font Info:    ... okay on input line 91.
LaTeX Font Info:    Checking defaults for TS1/cmr/m/n on input line 91.
LaTeX Font Info:    Try loading font information for TS1+cmr on input line 91.
 (/usr/local/texlive/2012/texmf-dist/tex/latex/base/ts1cmr.fd
File: ts1cmr.fd 1999/05/25 v2.5h Standard LaTeX font definitions
)
LaTeX Font Info:    ... okay on input line 91.
LaTeX Font Info:    Checking defaults for PD1/pdf/m/n on input line 91.
LaTeX Font Info:    ... okay on input line 91.

(/usr/local/texlive/2012/texmf-dist/tex/context/base/supp-pdf.mkii
[Loading MPS to PDF converter (version 2006.09.02).]
\scratchcounter=\count114
\scratchdimen=\dimen129
\scratchbox=\box30
\nofMPsegments=\count115
\nofMParguments=\count116
\everyMPshowfont=\toks25
\MPscratchCnt=\count117
\MPscratchDim=\dimen130
\MPnumerator=\count118
\makeMPintoPDFobject=\count119
\everyMPtoPDFconversion=\toks26
) (/usr/local/texlive/2012/texmf-dist/tex/latex/oberdiek/epstopdf-base.sty
Package: epstopdf-base 2010/02/09 v2.5 Base part for package epstopdf

(/usr/local/texlive/2012/texmf-dist/tex/latex/oberdiek/grfext.sty
Package: grfext 2010/08/19 v1.1 Manage graphics extensions (HO)
)
Package grfext Info: Graphics extension search list:
(grfext)             [.png,.pdf,.jpg,.mps,.jpeg,.jbig2,.jb2,.PNG,.PDF,.JPG,.JPE
G,.JBIG2,.JB2,.eps]
(grfext)             \AppendGraphicsExtensions on input line 452.

(/usr/local/texlive/2012/texmf-dist/tex/latex/latexconfig/epstopdf-sys.cfg
File: epstopdf-sys.cfg 2010/07/13 v1.3 Configuration of (r)epstopdf for TeX Liv
e
))
\AtBeginShipoutBox=\box31
Package hyperref Info: Link coloring OFF on input line 91.

(/usr/local/texlive/2012/texmf-dist/tex/latex/hyperref/nameref.sty
Package: nameref 2010/04/30 v2.40 Cross-referencing by name of section

(/usr/local/texlive/2012/texmf-dist/tex/generic/oberdiek/gettitlestring.sty
Package: gettitlestring 2010/12/03 v1.4 Cleanup title references (HO)
)
\c@section@level=\count120
)
LaTeX Info: Redefining \ref on input line 91.
LaTeX Info: Redefining \pageref on input line 91.
LaTeX Info: Redefining \nameref on input line 91.

(./rocplots.out) (./rocplots.out)
\@outlinefile=\write3
\openout3 = `rocplots.out'.


*geometry* driver: auto-detecting
*geometry* detected driver: pdftex
*geometry* verbose mode - [ preamble ] result:
* driver: pdftex
* paper: letterpaper
* layout: <same size as paper>
* layoutoffset:(h,v)=(0.0pt,0.0pt)
* modes: landscape 
* h-part:(L,W,R)=(54.2025pt, 686.56499pt, 54.2025pt)
* v-part:(T,H,B)=(54.2025pt, 505.89pt, 54.2025pt)
* \paperwidth=794.96999pt
* \paperheight=614.295pt
* \textwidth=686.56499pt
* \textheight=505.89pt
* \oddsidemargin=-18.06749pt
* \evensidemargin=-18.06749pt
* \topmargin=-55.06749pt
* \headheight=12.0pt
* \headsep=25.0pt
* \topskip=12.0pt
* \footskip=30.0pt
* \marginparwidth=44.0pt
* \marginparsep=10.0pt
* \columnsep=10.0pt
* \skip\footins=10.8pt plus 4.0pt minus 2.0pt
* \hoffset=0.0pt
* \voffset=0.0pt
* \mag=1000
* \@twocolumnfalse
* \@twosidefalse
* \@mparswitchfalse
* \@reversemarginfalse
* (1in=72.27pt=25.4mm, 1cm=28.453pt)

Package color Info: Redefining color shadecolor on input line 95.
<figure/rocs1.pdf, id=4, 505.89pt x 433.62pt>
File: figure/rocs1.pdf Graphic file (type pdf)
 <use figure/rocs1.pdf>
Package pdftex.def Info: figure/rocs1.pdf used on input line 97.
(pdftex.def)             Requested size: 505.88875pt x 433.62555pt.

<figure/rocs2.pdf, id=5, 505.89pt x 433.62pt>
File: figure/rocs2.pdf Graphic file (type pdf)
 <use figure/rocs2.pdf>
Package pdftex.def Info: figure/rocs2.pdf used on input line 104.
(pdftex.def)             Requested size: 505.88875pt x 433.62555pt.

<figure/rocs3.pdf, id=6, 505.89pt x 433.62pt> [1

{/usr/local/texlive/2012/texmf-var/fonts/map/pdftex/updmap/pdftex.map} <./figur
e/rocs1.pdf>]
File: figure/rocs3.pdf Graphic file (type pdf)

<use figure/rocs3.pdf>
Package pdftex.def Info: figure/rocs3.pdf used on input line 111.
(pdftex.def)             Requested size: 505.88875pt x 433.62555pt.
 <figure/rocs4.pdf, id=19, 505.89pt x 433.62pt> [2 <./figure/rocs2.pdf>]
File: figure/rocs4.pdf Graphic file (type pdf)
 <use figure/rocs4.pdf>
Package pdftex.def Info: figure/rocs4.pdf used on input line 118.
(pdftex.def)             Requested size: 505.88875pt x 433.62555pt.

<figure/rocs5.pdf, id=30, 505.89pt x 433.62pt> [3 <./figure/rocs3.pdf>]
File: figure/rocs5.pdf Graphic file (type pdf)

<use figure/rocs5.pdf>
Package pdftex.def Info: figure/rocs5.pdf used on input line 125.
(pdftex.def)             Requested size: 505.88875pt x 433.62555pt.
 <figure/rocs6.pdf, id=41, 505.89pt x 433.62pt> [4 <./figure/rocs4.pdf>]
File: figure/rocs6.pdf Graphic file (type pdf)
 <use figure/rocs6.pdf>
Package pdftex.def Info: figure/rocs6.pdf used on input line 132.
(pdftex.def)             Requested size: 505.88875pt x 433.62555pt.

<figure/rocs7.pdf, id=52, 505.89pt x 433.62pt> [5 <./figure/rocs5.pdf>]
File: figure/rocs7.pdf Graphic file (type pdf)

<use figure/rocs7.pdf>
Package pdftex.def Info: figure/rocs7.pdf used on input line 139.
(pdftex.def)             Requested size: 505.88875pt x 433.62555pt.
 <figure/rocs8.pdf, id=63, 505.89pt x 433.62pt> [6 <./figure/rocs6.pdf>]
File: figure/rocs8.pdf Graphic file (type pdf)
 <use figure/rocs8.pdf>
Package pdftex.def Info: figure/rocs8.pdf used on input line 146.
(pdftex.def)             Requested size: 505.88875pt x 433.62555pt.

<figure/rocs9.pdf, id=74, 505.89pt x 433.62pt> [7 <./figure/rocs7.pdf>]
File: figure/rocs9.pdf Graphic file (type pdf)

<use figure/rocs9.pdf>
Package pdftex.def Info: figure/rocs9.pdf used on input line 153.
(pdftex.def)             Requested size: 505.88875pt x 433.62555pt.
 <figure/rocs10.pdf, id=86, 505.89pt x 433.62pt> [8 <./figure/rocs8.pdf>]
File: figure/rocs10.pdf Graphic file (type pdf)
 <use figure/rocs10.pdf>
Package pdftex.def Info: figure/rocs10.pdf used on input line 160.
(pdftex.def)             Requested size: 505.88875pt x 433.62555pt.

<figure/rocs11.pdf, id=97, 505.89pt x 433.62pt> [9 <./figure/rocs9.pdf>]
File: figure/rocs11.pdf Graphic file (type pdf)

<use figure/rocs11.pdf>
Package pdftex.def Info: figure/rocs11.pdf used on input line 167.
(pdftex.def)             Requested size: 505.88875pt x 433.62555pt.
 <figure/rocs12.pdf, id=108, 505.89pt x 433.62pt>
[10 <./figure/rocs10.pdf>]
File: figure/rocs12.pdf Graphic file (type pdf)
 <use figure/rocs12.pdf>
Package pdftex.def Info: figure/rocs12.pdf used on input line 174.
(pdftex.def)             Requested size: 505.88875pt x 433.62555pt.

<figure/rocs13.pdf, id=119, 505.89pt x 433.62pt> [11 <./figure/rocs11.pdf>]
File: figure/rocs13.pdf Graphic file (type pdf)

<use figure/rocs13.pdf>
Package pdftex.def Info: figure/rocs13.pdf used on input line 181.
(pdftex.def)             Requested size: 505.88875pt x 433.62555pt.
 <figure/rocs14.pdf, id=130, 505.89pt x 433.62pt>
[12 <./figure/rocs12.pdf>]
File: figure/rocs14.pdf Graphic file (type pdf)
 <use figure/rocs14.pdf>
Package pdftex.def Info: figure/rocs14.pdf used on input line 188.
(pdftex.def)             Requested size: 505.88875pt x 433.62555pt.

<figure/rocs15.pdf, id=141, 505.89pt x 433.62pt> [13 <./figure/rocs13.pdf>]
File: figure/rocs15.pdf Graphic file (type pdf)

<use figure/rocs15.pdf>
Package pdftex.def Info: figure/rocs15.pdf used on input line 195.
(pdftex.def)             Requested size: 505.88875pt x 433.62555pt.
 <figure/rocs16.pdf, id=154, 505.89pt x 433.62pt>
[14 <./figure/rocs14.pdf>]
File: figure/rocs16.pdf Graphic file (type pdf)
 <use figure/rocs16.pdf>
Package pdftex.def Info: figure/rocs16.pdf used on input line 202.
(pdftex.def)             Requested size: 505.88875pt x 433.62555pt.

<figure/rocs17.pdf, id=165, 505.89pt x 433.62pt> [15 <./figure/rocs15.pdf>]
File: figure/rocs17.pdf Graphic file (type pdf)

<use figure/rocs17.pdf>
Package pdftex.def Info: figure/rocs17.pdf used on input line 209.
(pdftex.def)             Requested size: 505.88875pt x 433.62555pt.
 <figure/rocs18.pdf, id=176, 505.89pt x 433.62pt>
[16 <./figure/rocs16.pdf>]
File: figure/rocs18.pdf Graphic file (type pdf)
 <use figure/rocs18.pdf>
Package pdftex.def Info: figure/rocs18.pdf used on input line 216.
(pdftex.def)             Requested size: 505.88875pt x 433.62555pt.

<figure/rocs19.pdf, id=187, 505.89pt x 433.62pt> [17 <./figure/rocs17.pdf>]
File: figure/rocs19.pdf Graphic file (type pdf)

<use figure/rocs19.pdf>
Package pdftex.def Info: figure/rocs19.pdf used on input line 223.
(pdftex.def)             Requested size: 505.88875pt x 433.62555pt.
 <figure/rocs20.pdf, id=198, 505.89pt x 433.62pt>
[18 <./figure/rocs18.pdf>]
File: figure/rocs20.pdf Graphic file (type pdf)
 <use figure/rocs20.pdf>
Package pdftex.def Info: figure/rocs20.pdf used on input line 230.
(pdftex.def)             Requested size: 505.88875pt x 433.62555pt.

<figure/rocs21.pdf, id=209, 505.89pt x 433.62pt> [19 <./figure/rocs19.pdf>]
File: figure/rocs21.pdf Graphic file (type pdf)

<use figure/rocs21.pdf>
Package pdftex.def Info: figure/rocs21.pdf used on input line 237.
(pdftex.def)             Requested size: 505.88875pt x 433.62555pt.
 <figure/rocs22.pdf, id=221, 505.89pt x 433.62pt>
[20 <./figure/rocs20.pdf>]
File: figure/rocs22.pdf Graphic file (type pdf)
 <use figure/rocs22.pdf>
Package pdftex.def Info: figure/rocs22.pdf used on input line 244.
(pdftex.def)             Requested size: 505.88875pt x 433.62555pt.

<figure/rocs23.pdf, id=232, 505.89pt x 433.62pt> [21 <./figure/rocs21.pdf>]
File: figure/rocs23.pdf Graphic file (type pdf)

<use figure/rocs23.pdf>
Package pdftex.def Info: figure/rocs23.pdf used on input line 251.
(pdftex.def)             Requested size: 505.88875pt x 433.62555pt.
 <figure/rocs24.pdf, id=243, 505.89pt x 433.62pt>
[22 <./figure/rocs22.pdf>]
File: figure/rocs24.pdf Graphic file (type pdf)
 <use figure/rocs24.pdf>
Package pdftex.def Info: figure/rocs24.pdf used on input line 258.
(pdftex.def)             Requested size: 505.88875pt x 433.62555pt.

<figure/rocs25.pdf, id=254, 505.89pt x 433.62pt> [23 <./figure/rocs23.pdf>]
File: figure/rocs25.pdf Graphic file (type pdf)

<use figure/rocs25.pdf>
Package pdftex.def Info: figure/rocs25.pdf used on input line 265.
(pdftex.def)             Requested size: 505.88875pt x 433.62555pt.
 <figure/rocs26.pdf, id=265, 505.89pt x 433.62pt>
[24 <./figure/rocs24.pdf>]
File: figure/rocs26.pdf Graphic file (type pdf)
 <use figure/rocs26.pdf>
Package pdftex.def Info: figure/rocs26.pdf used on input line 272.
(pdftex.def)             Requested size: 505.88875pt x 433.62555pt.

<figure/rocs27.pdf, id=276, 505.89pt x 433.62pt> [25 <./figure/rocs25.pdf>]
File: figure/rocs27.pdf Graphic file (type pdf)

<use figure/rocs27.pdf>
Package pdftex.def Info: figure/rocs27.pdf used on input line 279.
(pdftex.def)             Requested size: 505.88875pt x 433.62555pt.
 <figure/rocs28.pdf, id=289, 505.89pt x 433.62pt>
[26 <./figure/rocs26.pdf>]
File: figure/rocs28.pdf Graphic file (type pdf)
 <use figure/rocs28.pdf>
Package pdftex.def Info: figure/rocs28.pdf used on input line 286.
(pdftex.def)             Requested size: 505.88875pt x 433.62555pt.

<figure/rocs29.pdf, id=300, 505.89pt x 433.62pt> [27 <./figure/rocs27.pdf>]
File: figure/rocs29.pdf Graphic file (type pdf)

<use figure/rocs29.pdf>
Package pdftex.def Info: figure/rocs29.pdf used on input line 293.
(pdftex.def)             Requested size: 505.88875pt x 433.62555pt.
 <figure/rocs30.pdf, id=311, 505.89pt x 433.62pt>
[28 <./figure/rocs28.pdf>]
File: figure/rocs30.pdf Graphic file (type pdf)
 <use figure/rocs30.pdf>
Package pdftex.def Info: figure/rocs30.pdf used on input line 300.
(pdftex.def)             Requested size: 505.88875pt x 433.62555pt.

<figure/rocs31.pdf, id=322, 505.89pt x 433.62pt> [29 <./figure/rocs29.pdf>]
File: figure/rocs31.pdf Graphic file (type pdf)

<use figure/rocs31.pdf>
Package pdftex.def Info: figure/rocs31.pdf used on input line 307.
(pdftex.def)             Requested size: 505.88875pt x 433.62555pt.
 <figure/rocs32.pdf, id=333, 505.89pt x 433.62pt>
[30 <./figure/rocs30.pdf>]
File: figure/rocs32.pdf Graphic file (type pdf)
 <use figure/rocs32.pdf>
Package pdftex.def Info: figure/rocs32.pdf used on input line 314.
(pdftex.def)             Requested size: 505.88875pt x 433.62555pt.

<figure/rocs33.pdf, id=344, 505.89pt x 433.62pt> [31 <./figure/rocs31.pdf>]
File: figure/rocs33.pdf Graphic file (type pdf)

<use figure/rocs33.pdf>
Package pdftex.def Info: figure/rocs33.pdf used on input line 321.
(pdftex.def)             Requested size: 505.88875pt x 433.62555pt.
 <figure/rocs34.pdf, id=356, 505.89pt x 433.62pt>
[32 <./figure/rocs32.pdf>]
File: figure/rocs34.pdf Graphic file (type pdf)
 <use figure/rocs34.pdf>
Package pdftex.def Info: figure/rocs34.pdf used on input line 328.
(pdftex.def)             Requested size: 505.88875pt x 433.62555pt.

<figure/rocs35.pdf, id=367, 505.89pt x 433.62pt> [33 <./figure/rocs33.pdf>]
File: figure/rocs35.pdf Graphic file (type pdf)

<use figure/rocs35.pdf>
Package pdftex.def Info: figure/rocs35.pdf used on input line 335.
(pdftex.def)             Requested size: 505.88875pt x 433.62555pt.
 <figure/rocs36.pdf, id=378, 505.89pt x 433.62pt>
[34 <./figure/rocs34.pdf>]
File: figure/rocs36.pdf Graphic file (type pdf)
 <use figure/rocs36.pdf>
Package pdftex.def Info: figure/rocs36.pdf used on input line 342.
(pdftex.def)             Requested size: 505.88875pt x 433.62555pt.

<figure/rocs37.pdf, id=389, 505.89pt x 433.62pt> [35 <./figure/rocs35.pdf>]
File: figure/rocs37.pdf Graphic file (type pdf)

<use figure/rocs37.pdf>
Package pdftex.def Info: figure/rocs37.pdf used on input line 349.
(pdftex.def)             Requested size: 505.88875pt x 433.62555pt.
 <figure/rocs38.pdf, id=400, 505.89pt x 433.62pt>
[36 <./figure/rocs36.pdf>]
File: figure/rocs38.pdf Graphic file (type pdf)
 <use figure/rocs38.pdf>
Package pdftex.def Info: figure/rocs38.pdf used on input line 356.
(pdftex.def)             Requested size: 505.88875pt x 433.62555pt.

<figure/rocs39.pdf, id=411, 505.89pt x 433.62pt> [37 <./figure/rocs37.pdf>]
File: figure/rocs39.pdf Graphic file (type pdf)

<use figure/rocs39.pdf>
Package pdftex.def Info: figure/rocs39.pdf used on input line 363.
(pdftex.def)             Requested size: 505.88875pt x 433.62555pt.
 <figure/rocs40.pdf, id=423, 505.89pt x 433.62pt>
[38 <./figure/rocs38.pdf>]
File: figure/rocs40.pdf Graphic file (type pdf)
 <use figure/rocs40.pdf>
Package pdftex.def Info: figure/rocs40.pdf used on input line 370.
(pdftex.def)             Requested size: 505.88875pt x 433.62555pt.

<figure/rocs41.pdf, id=435, 505.89pt x 433.62pt> [39 <./figure/rocs39.pdf>]
File: figure/rocs41.pdf Graphic file (type pdf)

<use figure/rocs41.pdf>
Package pdftex.def Info: figure/rocs41.pdf used on input line 377.
(pdftex.def)             Requested size: 505.88875pt x 433.62555pt.
 <figure/rocs42.pdf, id=446, 505.89pt x 433.62pt>
[40 <./figure/rocs40.pdf>]
File: figure/rocs42.pdf Graphic file (type pdf)
 <use figure/rocs42.pdf>
Package pdftex.def Info: figure/rocs42.pdf used on input line 384.
(pdftex.def)             Requested size: 505.88875pt x 433.62555pt.

<figure/rocs43.pdf, id=457, 505.89pt x 433.62pt> [41 <./figure/rocs41.pdf>]
File: figure/rocs43.pdf Graphic file (type pdf)

<use figure/rocs43.pdf>
Package pdftex.def Info: figure/rocs43.pdf used on input line 391.
(pdftex.def)             Requested size: 505.88875pt x 433.62555pt.
 <figure/rocs44.pdf, id=468, 505.89pt x 433.62pt>
[42 <./figure/rocs42.pdf>]
File: figure/rocs44.pdf Graphic file (type pdf)
 <use figure/rocs44.pdf>
Package pdftex.def Info: figure/rocs44.pdf used on input line 398.
(pdftex.def)             Requested size: 505.88875pt x 433.62555pt.

<figure/rocs45.pdf, id=479, 505.89pt x 433.62pt> [43 <./figure/rocs43.pdf>]
File: figure/rocs45.pdf Graphic file (type pdf)

<use figure/rocs45.pdf>
Package pdftex.def Info: figure/rocs45.pdf used on input line 405.
(pdftex.def)             Requested size: 505.88875pt x 433.62555pt.
 <figure/rocs46.pdf, id=491, 505.89pt x 433.62pt>
[44 <./figure/rocs44.pdf>]
File: figure/rocs46.pdf Graphic file (type pdf)
 <use figure/rocs46.pdf>
Package pdftex.def Info: figure/rocs46.pdf used on input line 412.
(pdftex.def)             Requested size: 505.88875pt x 433.62555pt.

<figure/rocs47.pdf, id=502, 505.89pt x 433.62pt> [45 <./figure/rocs45.pdf>]
File: figure/rocs47.pdf Graphic file (type pdf)

<use figure/rocs47.pdf>
Package pdftex.def Info: figure/rocs47.pdf used on input line 419.
(pdftex.def)             Requested size: 505.88875pt x 433.62555pt.
 <figure/rocs48.pdf, id=513, 505.89pt x 433.62pt>
[46 <./figure/rocs46.pdf>]
File: figure/rocs48.pdf Graphic file (type pdf)
 <use figure/rocs48.pdf>
Package pdftex.def Info: figure/rocs48.pdf used on input line 426.
(pdftex.def)             Requested size: 505.88875pt x 433.62555pt.

<figure/rocs49.pdf, id=524, 505.89pt x 433.62pt> [47 <./figure/rocs47.pdf>]
File: figure/rocs49.pdf Graphic file (type pdf)

<use figure/rocs49.pdf>
Package pdftex.def Info: figure/rocs49.pdf used on input line 433.
(pdftex.def)             Requested size: 505.88875pt x 433.62555pt.
 <figure/rocs50.pdf, id=535, 505.89pt x 433.62pt>
[48 <./figure/rocs48.pdf>]
File: figure/rocs50.pdf Graphic file (type pdf)
 <use figure/rocs50.pdf>
Package pdftex.def Info: figure/rocs50.pdf used on input line 440.
(pdftex.def)             Requested size: 505.88875pt x 433.62555pt.

<figure/rocs51.pdf, id=546, 505.89pt x 433.62pt> [49 <./figure/rocs49.pdf>]
File: figure/rocs51.pdf Graphic file (type pdf)

<use figure/rocs51.pdf>
Package pdftex.def Info: figure/rocs51.pdf used on input line 447.
(pdftex.def)             Requested size: 505.88875pt x 433.62555pt.
 <figure/rocs52.pdf, id=558, 505.89pt x 433.62pt>
[50 <./figure/rocs50.pdf>]
File: figure/rocs52.pdf Graphic file (type pdf)
 <use figure/rocs52.pdf>
Package pdftex.def Info: figure/rocs52.pdf used on input line 454.
(pdftex.def)             Requested size: 505.88875pt x 433.62555pt.

<figure/rocs53.pdf, id=570, 505.89pt x 433.62pt> [51 <./figure/rocs51.pdf>]
File: figure/rocs53.pdf Graphic file (type pdf)

<use figure/rocs53.pdf>
Package pdftex.def Info: figure/rocs53.pdf used on input line 461.
(pdftex.def)             Requested size: 505.88875pt x 433.62555pt.
 <figure/rocs54.pdf, id=581, 505.89pt x 433.62pt>
[52 <./figure/rocs52.pdf>]
File: figure/rocs54.pdf Graphic file (type pdf)
 <use figure/rocs54.pdf>
Package pdftex.def Info: figure/rocs54.pdf used on input line 468.
(pdftex.def)             Requested size: 505.88875pt x 433.62555pt.

<figure/rocs55.pdf, id=592, 505.89pt x 433.62pt> [53 <./figure/rocs53.pdf>]
File: figure/rocs55.pdf Graphic file (type pdf)

<use figure/rocs55.pdf>
Package pdftex.def Info: figure/rocs55.pdf used on input line 475.
(pdftex.def)             Requested size: 505.88875pt x 433.62555pt.
 <figure/rocs56.pdf, id=603, 505.89pt x 433.62pt>
[54 <./figure/rocs54.pdf>]
File: figure/rocs56.pdf Graphic file (type pdf)
 <use figure/rocs56.pdf>
Package pdftex.def Info: figure/rocs56.pdf used on input line 482.
(pdftex.def)             Requested size: 505.88875pt x 433.62555pt.

<figure/rocs57.pdf, id=614, 505.89pt x 433.62pt> [55 <./figure/rocs55.pdf>]
File: figure/rocs57.pdf Graphic file (type pdf)

<use figure/rocs57.pdf>
Package pdftex.def Info: figure/rocs57.pdf used on input line 489.
(pdftex.def)             Requested size: 505.88875pt x 433.62555pt.
 <figure/rocs58.pdf, id=626, 505.89pt x 433.62pt>
[56 <./figure/rocs56.pdf>]
File: figure/rocs58.pdf Graphic file (type pdf)
 <use figure/rocs58.pdf>
Package pdftex.def Info: figure/rocs58.pdf used on input line 496.
(pdftex.def)             Requested size: 505.88875pt x 433.62555pt.

<figure/rocs59.pdf, id=637, 505.89pt x 433.62pt> [57 <./figure/rocs57.pdf>]
File: figure/rocs59.pdf Graphic file (type pdf)

<use figure/rocs59.pdf>
Package pdftex.def Info: figure/rocs59.pdf used on input line 503.
(pdftex.def)             Requested size: 505.88875pt x 433.62555pt.
 <figure/rocs60.pdf, id=648, 505.89pt x 433.62pt>
[58 <./figure/rocs58.pdf>]
File: figure/rocs60.pdf Graphic file (type pdf)
 <use figure/rocs60.pdf>
Package pdftex.def Info: figure/rocs60.pdf used on input line 510.
(pdftex.def)             Requested size: 505.88875pt x 433.62555pt.

<figure/rocs61.pdf, id=659, 505.89pt x 433.62pt> [59 <./figure/rocs59.pdf>]
File: figure/rocs61.pdf Graphic file (type pdf)

<use figure/rocs61.pdf>
Package pdftex.def Info: figure/rocs61.pdf used on input line 517.
(pdftex.def)             Requested size: 505.88875pt x 433.62555pt.
 <figure/rocs62.pdf, id=670, 505.89pt x 433.62pt>
[60 <./figure/rocs60.pdf>]
File: figure/rocs62.pdf Graphic file (type pdf)
 <use figure/rocs62.pdf>
Package pdftex.def Info: figure/rocs62.pdf used on input line 524.
(pdftex.def)             Requested size: 505.88875pt x 433.62555pt.

<figure/rocs63.pdf, id=681, 505.89pt x 433.62pt> [61 <./figure/rocs61.pdf>]
File: figure/rocs63.pdf Graphic file (type pdf)

<use figure/rocs63.pdf>
Package pdftex.def Info: figure/rocs63.pdf used on input line 531.
(pdftex.def)             Requested size: 505.88875pt x 433.62555pt.
 <figure/rocs64.pdf, id=693, 505.89pt x 433.62pt>
[62 <./figure/rocs62.pdf>]
File: figure/rocs64.pdf Graphic file (type pdf)
 <use figure/rocs64.pdf>
Package pdftex.def Info: figure/rocs64.pdf used on input line 538.
(pdftex.def)             Requested size: 505.88875pt x 433.62555pt.

<figure/rocs65.pdf, id=704, 505.89pt x 433.62pt> [63 <./figure/rocs63.pdf>]
File: figure/rocs65.pdf Graphic file (type pdf)

<use figure/rocs65.pdf>
Package pdftex.def Info: figure/rocs65.pdf used on input line 545.
(pdftex.def)             Requested size: 505.88875pt x 433.62555pt.
 <figure/rocs66.pdf, id=716, 505.89pt x 433.62pt>
[64 <./figure/rocs64.pdf>]
File: figure/rocs66.pdf Graphic file (type pdf)
 <use figure/rocs66.pdf>
Package pdftex.def Info: figure/rocs66.pdf used on input line 552.
(pdftex.def)             Requested size: 505.88875pt x 433.62555pt.

<figure/rocs67.pdf, id=727, 505.89pt x 433.62pt> [65 <./figure/rocs65.pdf>]
File: figure/rocs67.pdf Graphic file (type pdf)

<use figure/rocs67.pdf>
Package pdftex.def Info: figure/rocs67.pdf used on input line 559.
(pdftex.def)             Requested size: 505.88875pt x 433.62555pt.
 <figure/rocs68.pdf, id=738, 505.89pt x 433.62pt>
[66 <./figure/rocs66.pdf>]
File: figure/rocs68.pdf Graphic file (type pdf)
 <use figure/rocs68.pdf>
Package pdftex.def Info: figure/rocs68.pdf used on input line 566.
(pdftex.def)             Requested size: 505.88875pt x 433.62555pt.

<figure/rocs69.pdf, id=749, 505.89pt x 433.62pt> [67 <./figure/rocs67.pdf>]
File: figure/rocs69.pdf Graphic file (type pdf)

<use figure/rocs69.pdf>
Package pdftex.def Info: figure/rocs69.pdf used on input line 573.
(pdftex.def)             Requested size: 505.88875pt x 433.62555pt.
 <figure/rocs70.pdf, id=761, 505.89pt x 433.62pt>
[68 <./figure/rocs68.pdf>]
File: figure/rocs70.pdf Graphic file (type pdf)
 <use figure/rocs70.pdf>
Package pdftex.def Info: figure/rocs70.pdf used on input line 580.
(pdftex.def)             Requested size: 505.88875pt x 433.62555pt.

<figure/rocs71.pdf, id=772, 505.89pt x 433.62pt> [69 <./figure/rocs69.pdf>]
File: figure/rocs71.pdf Graphic file (type pdf)

<use figure/rocs71.pdf>
Package pdftex.def Info: figure/rocs71.pdf used on input line 587.
(pdftex.def)             Requested size: 505.88875pt x 433.62555pt.
 <figure/rocs72.pdf, id=783, 505.89pt x 433.62pt>
[70 <./figure/rocs70.pdf>]
File: figure/rocs72.pdf Graphic file (type pdf)
 <use figure/rocs72.pdf>
Package pdftex.def Info: figure/rocs72.pdf used on input line 594.
(pdftex.def)             Requested size: 505.88875pt x 433.62555pt.
Package atveryend Info: Empty hook `BeforeClearDocument' on input line 603.
 [71 <./figure/rocs71.pdf>]
[72 <./figure/rocs72.pdf>]
Package atveryend Info: Empty hook `AfterLastShipout' on input line 603.
 (./rocplots.aux)
Package atveryend Info: Executing hook `AtVeryEndDocument' on input line 603.
Package atveryend Info: Executing hook `AtEndAfterFileList' on input line 603.
Package rerunfilecheck Info: File `rocplots.out' has not changed.
(rerunfilecheck)             Checksum: D41D8CD98F00B204E9800998ECF8427E;0.
Package atveryend Info: Empty hook `AtVeryVeryEnd' on input line 603.
 ) 
Here is how much of TeX's memory you used:
 7305 strings out of 493488
 107238 string characters out of 3141326
 181285 words of memory out of 3000000
 10401 multiletter control sequences out of 15000+200000
 3938 words of font info for 15 fonts, out of 3000000 for 9000
 957 hyphenation exceptions out of 8191
 29i,6n,23p,233b,445s stack positions out of 5000i,500n,10000p,200000b,50000s
</usr/local/texlive/2012/texmf-dist/fonts/type1/public/amsfonts/cm/cmr12.pfb>

Output written on rocplots.pdf (72 pages, 6097732 bytes).
PDF statistics:
 841 PDF objects out of 1000 (max. 8388607)
 615 compressed objects within 7 object streams
 73 named destinations out of 1000 (max. 500000)
 361 words of extra memory for PDF output out of 10000 (max. 10000000)

